{
  "RSpec": {
    "coverage": {
      "/Users/baileykursar/Projects/bank-ruby/spec/account_spec.rb": [
        1,
        1,
        null,
        1,
        1,
        3,
        3,
        null,
        null,
        1,
        1,
        null,
        null,
        1,
        1,
        1,
        null,
        null,
        1,
        1,
        1,
        1,
        2,
        null,
        null
      ],
      "/Users/baileykursar/Projects/bank-ruby/lib/account.rb": [
        1,
        1,
        null,
        null,
        1,
        1,
        null,
        1,
        3,
        3,
        null,
        null,
        1,
        3,
        3,
        null,
        null,
        1,
        1,
        1,
        null,
        null,
        1,
        1,
        1,
        null,
        null,
        null,
        1,
        null,
        1,
        4,
        null,
        null,
        1,
        4,
        null,
        null
      ],
      "/Users/baileykursar/Projects/bank-ruby/lib/statement.rb": [
        1,
        null,
        null,
        1,
        1,
        null,
        1,
        5,
        5,
        5,
        null,
        null,
        1,
        1,
        null,
        null,
        1,
        null,
        1,
        5,
        9,
        9,
        null,
        null,
        null,
        1,
        5,
        9,
        4,
        null,
        5,
        null,
        9,
        null,
        null,
        null
      ],
      "/Users/baileykursar/Projects/bank-ruby/lib/printer.rb": [
        null,
        1,
        1,
        2,
        2,
        null,
        null,
        1,
        null,
        1,
        2,
        2,
        3,
        3,
        3,
        3,
        null,
        null,
        null,
        1,
        9,
        null,
        null
      ],
      "/Users/baileykursar/Projects/bank-ruby/spec/printer_spec.rb": [
        1,
        null,
        1,
        1,
        1,
        1,
        null,
        null,
        null,
        null,
        null,
        1,
        1,
        1,
        2,
        null,
        null
      ],
      "/Users/baileykursar/Projects/bank-ruby/spec/statement_spec.rb": [
        1,
        null,
        1,
        1,
        4,
        null,
        null,
        1,
        1,
        null,
        null,
        1,
        1,
        null,
        null,
        1,
        1,
        null,
        null,
        1,
        1,
        null,
        null
      ]
    },
    "timestamp": 1497437843
  }
}
